<?xml version="1.0" encoding="UTF-8" ?>
<testsuite failures="0" time="0.268" errors="0" skipped="0" tests="1" name="com.bitplan.pdfindex.TestFreemarker">
  <properties>
    <property name="java.runtime.name" value="Java(TM) SE Runtime Environment"/>
    <property name="sun.boot.library.path" value="/System/Library/Java/JavaVirtualMachines/1.6.0.jdk/Contents/Libraries"/>
    <property name="java.vm.version" value="20.51-b01-456"/>
    <property name="awt.nativeDoubleBuffering" value="true"/>
    <property name="gopherProxySet" value="false"/>
    <property name="mrj.build" value="11M4508"/>
    <property name="java.vm.vendor" value="Apple Inc."/>
    <property name="java.vendor.url" value="http://www.apple.com/"/>
    <property name="path.separator" value=":"/>
    <property name="java.vm.name" value="Java HotSpot(TM) 64-Bit Server VM"/>
    <property name="file.encoding.pkg" value="sun.io"/>
    <property name="user.country" value="US"/>
    <property name="sun.java.launcher" value="SUN_STANDARD"/>
    <property name="sun.os.patch.level" value="unknown"/>
    <property name="java.vm.specification.name" value="Java Virtual Machine Specification"/>
    <property name="user.dir" value="/Users/dianaascher/pdfindexer"/>
    <property name="java.runtime.version" value="1.6.0_51-b11-456-11M4508"/>
    <property name="java.awt.graphicsenv" value="apple.awt.CGraphicsEnvironment"/>
    <property name="basedir" value="/Users/dianaascher/pdfindexer"/>
    <property name="java.endorsed.dirs" value="/System/Library/Java/JavaVirtualMachines/1.6.0.jdk/Contents/Home/lib/endorsed"/>
    <property name="os.arch" value="x86_64"/>
    <property name="surefire.real.class.path" value="/Users/dianaascher/pdfindexer/target/surefire/surefirebooter1856655865422242570.jar"/>
    <property name="java.io.tmpdir" value="/var/folders/x8/x29_t9cj6yn5ntwk0zjjvms80000gn/T/"/>
    <property name="line.separator" value="
"/>
    <property name="java.vm.specification.vendor" value="Sun Microsystems Inc."/>
    <property name="os.name" value="Mac OS X"/>
    <property name="sun.jnu.encoding" value="MacRoman"/>
    <property name="java.library.path" value=".:/Library/Java/Extensions:/System/Library/Java/Extensions:/usr/lib/java"/>
    <property name="surefire.test.class.path" value="/Users/dianaascher/pdfindexer/target/test-classes:/Users/dianaascher/pdfindexer/target/classes:/Users/dianaascher/.m2/repository/org/apache/pdfbox/pdfbox-lucene/1.8.1/pdfbox-lucene-1.8.1.jar:/Users/dianaascher/.m2/repository/org/apache/pdfbox/pdfbox/1.8.1/pdfbox-1.8.1.jar:/Users/dianaascher/.m2/repository/org/apache/pdfbox/fontbox/1.8.1/fontbox-1.8.1.jar:/Users/dianaascher/.m2/repository/org/apache/pdfbox/jempbox/1.8.1/jempbox-1.8.1.jar:/Users/dianaascher/.m2/repository/org/apache/lucene/lucene-core/2.4.1/lucene-core-2.4.1.jar:/Users/dianaascher/.m2/repository/org/apache/lucene/lucene-demos/2.4.1/lucene-demos-2.4.1.jar:/Users/dianaascher/.m2/repository/org/freemarker/freemarker/2.3.19/freemarker-2.3.19.jar:/Users/dianaascher/.m2/repository/commons-io/commons-io/2.1/commons-io-2.1.jar:/Users/dianaascher/.m2/repository/commons-validator/commons-validator/1.4.0/commons-validator-1.4.0.jar:/Users/dianaascher/.m2/repository/commons-beanutils/commons-beanutils/1.8.3/commons-beanutils-1.8.3.jar:/Users/dianaascher/.m2/repository/commons-digester/commons-digester/1.8/commons-digester-1.8.jar:/Users/dianaascher/.m2/repository/commons-logging/commons-logging/1.1.1/commons-logging-1.1.1.jar:/Users/dianaascher/.m2/repository/args4j/args4j/2.0.15/args4j-2.0.15.jar:/Users/dianaascher/.m2/repository/junit/junit/4.8.1/junit-4.8.1.jar:"/>
    <property name="java.specification.name" value="Java Platform API Specification"/>
    <property name="java.class.version" value="50.0"/>
    <property name="sun.management.compiler" value="HotSpot 64-Bit Tiered Compilers"/>
    <property name="os.version" value="10.8.4"/>
    <property name="http.nonProxyHosts" value="local|*.local|169.254/16|*.169.254/16"/>
    <property name="user.home" value="/Users/dianaascher"/>
    <property name="user.timezone" value="America/Los_Angeles"/>
    <property name="java.awt.printerjob" value="apple.awt.CPrinterJob"/>
    <property name="java.specification.version" value="1.6"/>
    <property name="file.encoding" value="MacRoman"/>
    <property name="user.name" value="dianaascher"/>
    <property name="java.class.path" value="/Users/dianaascher/pdfindexer/target/test-classes:/Users/dianaascher/pdfindexer/target/classes:/Users/dianaascher/.m2/repository/org/apache/pdfbox/pdfbox-lucene/1.8.1/pdfbox-lucene-1.8.1.jar:/Users/dianaascher/.m2/repository/org/apache/pdfbox/pdfbox/1.8.1/pdfbox-1.8.1.jar:/Users/dianaascher/.m2/repository/org/apache/pdfbox/fontbox/1.8.1/fontbox-1.8.1.jar:/Users/dianaascher/.m2/repository/org/apache/pdfbox/jempbox/1.8.1/jempbox-1.8.1.jar:/Users/dianaascher/.m2/repository/org/apache/lucene/lucene-core/2.4.1/lucene-core-2.4.1.jar:/Users/dianaascher/.m2/repository/org/apache/lucene/lucene-demos/2.4.1/lucene-demos-2.4.1.jar:/Users/dianaascher/.m2/repository/org/freemarker/freemarker/2.3.19/freemarker-2.3.19.jar:/Users/dianaascher/.m2/repository/commons-io/commons-io/2.1/commons-io-2.1.jar:/Users/dianaascher/.m2/repository/commons-validator/commons-validator/1.4.0/commons-validator-1.4.0.jar:/Users/dianaascher/.m2/repository/commons-beanutils/commons-beanutils/1.8.3/commons-beanutils-1.8.3.jar:/Users/dianaascher/.m2/repository/commons-digester/commons-digester/1.8/commons-digester-1.8.jar:/Users/dianaascher/.m2/repository/commons-logging/commons-logging/1.1.1/commons-logging-1.1.1.jar:/Users/dianaascher/.m2/repository/args4j/args4j/2.0.15/args4j-2.0.15.jar:/Users/dianaascher/.m2/repository/junit/junit/4.8.1/junit-4.8.1.jar:"/>
    <property name="java.vm.specification.version" value="1.0"/>
    <property name="sun.arch.data.model" value="64"/>
    <property name="java.home" value="/System/Library/Java/JavaVirtualMachines/1.6.0.jdk/Contents/Home"/>
    <property name="sun.java.command" value="/Users/dianaascher/pdfindexer/target/surefire/surefirebooter1856655865422242570.jar /Users/dianaascher/pdfindexer/target/surefire/surefire3752005443029434956tmp /Users/dianaascher/pdfindexer/target/surefire/surefire5095626861087615980tmp"/>
    <property name="java.specification.vendor" value="Sun Microsystems Inc."/>
    <property name="user.language" value="en"/>
    <property name="awt.toolkit" value="apple.awt.CToolkit"/>
    <property name="java.vm.info" value="mixed mode"/>
    <property name="java.version" value="1.6.0_51"/>
    <property name="java.ext.dirs" value="/Library/Java/Extensions:/System/Library/Java/Extensions:/System/Library/Java/JavaVirtualMachines/1.6.0.jdk/Contents/Home/lib/ext"/>
    <property name="sun.boot.class.path" value="/System/Library/Java/JavaVirtualMachines/1.6.0.jdk/Contents/Classes/jsfd.jar:/System/Library/Java/JavaVirtualMachines/1.6.0.jdk/Contents/Classes/classes.jar:/System/Library/Frameworks/JavaVM.framework/Frameworks/JavaRuntimeSupport.framework/Resources/Java/JavaRuntimeSupport.jar:/System/Library/Java/JavaVirtualMachines/1.6.0.jdk/Contents/Classes/ui.jar:/System/Library/Java/JavaVirtualMachines/1.6.0.jdk/Contents/Classes/laf.jar:/System/Library/Java/JavaVirtualMachines/1.6.0.jdk/Contents/Classes/sunrsasign.jar:/System/Library/Java/JavaVirtualMachines/1.6.0.jdk/Contents/Classes/jsse.jar:/System/Library/Java/JavaVirtualMachines/1.6.0.jdk/Contents/Classes/jce.jar:/System/Library/Java/JavaVirtualMachines/1.6.0.jdk/Contents/Classes/charsets.jar"/>
    <property name="java.vendor" value="Apple Inc."/>
    <property name="localRepository" value="/Users/dianaascher/.m2/repository"/>
    <property name="file.separator" value="/"/>
    <property name="java.vendor.url.bug" value="http://bugreport.apple.com/"/>
    <property name="sun.cpu.endian" value="little"/>
    <property name="sun.io.unicode.encoding" value="UnicodeLittle"/>
    <property name="mrj.version" value="1070.1.6.0_51-456"/>
    <property name="socksNonProxyHosts" value="local|*.local|169.254/16|*.169.254/16"/>
    <property name="ftp.nonProxyHosts" value="local|*.local|169.254/16|*.169.254/16"/>
    <property name="sun.cpu.isalist" value=""/>
  </properties>
  <testcase time="0.221" classname="com.bitplan.pdfindex.TestFreemarker" name="testFreemarker"/>
</testsuite>